<?xml version="1.0" encoding="UTF-8"?>
<!-- Generated by org.testng.reporters.JUnitXMLReporter -->
<testsuite ignored="0" hostname="DESKTOP-8KSDERU" failures="0" tests="2" name="Default test" time="21.919" errors="0" timestamp="2020-09-22T11:16:57 IST">
  <testcase classname="JavaMavenProject.E2EProject.HomePageTest" name="basePageNavigation" time="11.117"/>
  <testcase classname="JavaMavenProject.E2EProject.HomePageTest" name="basePageNavigation" time="4.329"/>
</testsuite> <!-- Default test -->
