<?xml version="1.0" encoding="UTF-8"?>
<!-- Generated by org.testng.reporters.JUnitXMLReporter -->
<testsuite ignored="0" hostname="DESKTOP-8KSDERU" failures="1" tests="1" name="Test2" time="16.645" errors="0" timestamp="2020-09-22T10:41:22 IST">
  <testcase classname="JavaMavenProject.E2EProject.NavigateBarTest" name="NavigateBar" time="0.004">
    <failure type="java.lang.Error" message="Unresolved compilation problems: 
	LandingPageClass cannot be resolved to a type
	LandingPageClass cannot be resolved to a type
">
      <![CDATA[java.lang.Error: Unresolved compilation problems: 
LandingPageClass cannot be resolved to a type
LandingPageClass cannot be resolved to a type

at JavaMavenProject.E2EProject.NavigateBarTest.NavigateBar(NavigateBarTest.java:33)
at java.base/java.util.ArrayList.forEach(ArrayList.java:1511)
at java.base/java.util.concurrent.FutureTask.run(FutureTask.java:264)
at java.base/java.util.concurrent.ThreadPoolExecutor.runWorker(ThreadPoolExecutor.java:1130)
at java.base/java.util.concurrent.ThreadPoolExecutor$Worker.run(ThreadPoolExecutor.java:630)
at java.base/java.lang.Thread.run(Thread.java:832)
... Removed 18 stack frames]]>
    </failure>
  </testcase> <!-- NavigateBar -->
</testsuite> <!-- Test2 -->
