<?xml version="1.0" encoding="UTF-8"?>
<!-- Generated by org.testng.reporters.JUnitXMLReporter -->
<testsuite hostname="DESKTOP-8KSDERU" name="Test3" tests="1" failures="1" timestamp="22 Sep 2020 06:39:02 GMT" time="29.677" errors="0">
  <testcase name="validateTitle" time="0.073" classname="JavaMavenProject.E2EProject.validateTitleTest">
    <failure type="org.junit.ComparisonFailure" message="expected:&amp;lt;FEATURED COURSES[]&amp;gt; but was:&amp;lt;FEATURED COURSES[@123]&amp;gt;">
      <![CDATA[org.junit.ComparisonFailure: expected:<FEATURED COURSES[]> but was:<FEATURED COURSES[@123]>
	at org.junit.Assert.assertEquals(Assert.java:115)
	at org.junit.Assert.assertEquals(Assert.java:144)
	at JavaMavenProject.E2EProject.validateTitleTest.validateTitle(validateTitleTest.java:38)
	at java.util.concurrent.FutureTask.run(FutureTask.java:266)
	at java.util.concurrent.ThreadPoolExecutor.runWorker(ThreadPoolExecutor.java:1149)
	at java.util.concurrent.ThreadPoolExecutor$Worker.run(ThreadPoolExecutor.java:624)
	at java.lang.Thread.run(Thread.java:748)
... Removed 16 stack frames]]>
    </failure>
  </testcase> <!-- validateTitle -->
</testsuite> <!-- Test3 -->
