<?xml version="1.0" encoding="UTF-8"?>
<testng-results skipped="0" failed="1" total="4" passed="3">
  <reporter-output>
  </reporter-output>
  <suite name="Suite" duration-ms="31904" started-at="2020-09-22T06:38:32Z" finished-at="2020-09-22T06:39:04Z">
    <groups>
    </groups>
    <test name="Test2" duration-ms="26634" started-at="2020-09-22T06:38:32Z" finished-at="2020-09-22T06:38:59Z">
      <class name="JavaMavenProject.E2EProject.NavigateBarTest">
        <test-method status="PASS" signature="initilizeDrivers()[pri:0, instance:JavaMavenProject.E2EProject.NavigateBarTest@7b7fdc8]" name="initilizeDrivers" is-config="true" duration-ms="24702" started-at="2020-09-22T12:08:32Z" finished-at="2020-09-22T12:08:57Z">
          <reporter-output>
          </reporter-output>
        </test-method> <!-- initilizeDrivers -->
        <test-method status="PASS" signature="NavigateBar()[pri:0, instance:JavaMavenProject.E2EProject.NavigateBarTest@7b7fdc8]" name="NavigateBar" duration-ms="175" started-at="2020-09-22T12:08:57Z" finished-at="2020-09-22T12:08:57Z">
          <reporter-output>
          </reporter-output>
        </test-method> <!-- NavigateBar -->
        <test-method status="PASS" signature="tearDown()[pri:0, instance:JavaMavenProject.E2EProject.NavigateBarTest@7b7fdc8]" name="tearDown" is-config="true" duration-ms="1743" started-at="2020-09-22T12:08:57Z" finished-at="2020-09-22T12:08:59Z">
          <reporter-output>
          </reporter-output>
        </test-method> <!-- tearDown -->
      </class> <!-- JavaMavenProject.E2EProject.NavigateBarTest -->
    </test> <!-- Test2 -->
    <test name="Test3" duration-ms="29677" started-at="2020-09-22T06:38:32Z" finished-at="2020-09-22T06:39:02Z">
      <class name="JavaMavenProject.E2EProject.validateTitleTest">
        <test-method status="PASS" signature="initilizeDrivers()[pri:0, instance:JavaMavenProject.E2EProject.validateTitleTest@3b79fd76]" name="initilizeDrivers" is-config="true" duration-ms="27006" started-at="2020-09-22T12:08:32Z" finished-at="2020-09-22T12:08:59Z">
          <reporter-output>
          </reporter-output>
        </test-method> <!-- initilizeDrivers -->
        <test-method status="FAIL" signature="validateTitle()[pri:0, instance:JavaMavenProject.E2EProject.validateTitleTest@3b79fd76]" name="validateTitle" duration-ms="73" started-at="2020-09-22T12:08:59Z" finished-at="2020-09-22T12:08:59Z">
          <exception class="org.junit.ComparisonFailure">
            <message>
              <![CDATA[expected:<FEATURED COURSES[]> but was:<FEATURED COURSES[@123]>]]>
            </message>
            <full-stacktrace>
              <![CDATA[org.junit.ComparisonFailure: expected:<FEATURED COURSES[]> but was:<FEATURED COURSES[@123]>
	at org.junit.Assert.assertEquals(Assert.java:115)
	at org.junit.Assert.assertEquals(Assert.java:144)
	at JavaMavenProject.E2EProject.validateTitleTest.validateTitle(validateTitleTest.java:38)
	at sun.reflect.NativeMethodAccessorImpl.invoke0(Native Method)
	at sun.reflect.NativeMethodAccessorImpl.invoke(NativeMethodAccessorImpl.java:62)
	at sun.reflect.DelegatingMethodAccessorImpl.invoke(DelegatingMethodAccessorImpl.java:43)
	at java.lang.reflect.Method.invoke(Method.java:498)
	at org.testng.internal.MethodInvocationHelper.invokeMethod(MethodInvocationHelper.java:85)
	at org.testng.internal.Invoker.invokeMethod(Invoker.java:639)
	at org.testng.internal.Invoker.invokeTestMethod(Invoker.java:816)
	at org.testng.internal.Invoker.invokeTestMethods(Invoker.java:1124)
	at org.testng.internal.TestMethodWorker.invokeTestMethods(TestMethodWorker.java:125)
	at org.testng.internal.TestMethodWorker.run(TestMethodWorker.java:108)
	at org.testng.TestRunner.privateRun(TestRunner.java:774)
	at org.testng.TestRunner.run(TestRunner.java:624)
	at org.testng.SuiteRunner.runTest(SuiteRunner.java:359)
	at org.testng.SuiteRunner.access$000(SuiteRunner.java:39)
	at org.testng.SuiteRunner$SuiteWorker.run(SuiteRunner.java:393)
	at org.testng.internal.thread.ThreadUtil$2.call(ThreadUtil.java:64)
	at java.util.concurrent.FutureTask.run(FutureTask.java:266)
	at java.util.concurrent.ThreadPoolExecutor.runWorker(ThreadPoolExecutor.java:1149)
	at java.util.concurrent.ThreadPoolExecutor$Worker.run(ThreadPoolExecutor.java:624)
	at java.lang.Thread.run(Thread.java:748)
]]>
            </full-stacktrace>
          </exception> <!-- org.junit.ComparisonFailure -->
          <reporter-output>
          </reporter-output>
        </test-method> <!-- validateTitle -->
        <test-method status="PASS" signature="tearDown()[pri:0, instance:JavaMavenProject.E2EProject.validateTitleTest@3b79fd76]" name="tearDown" is-config="true" duration-ms="1356" started-at="2020-09-22T12:09:00Z" finished-at="2020-09-22T12:09:02Z">
          <reporter-output>
          </reporter-output>
        </test-method> <!-- tearDown -->
      </class> <!-- JavaMavenProject.E2EProject.validateTitleTest -->
    </test> <!-- Test3 -->
    <test name="Test1" duration-ms="31904" started-at="2020-09-22T06:38:32Z" finished-at="2020-09-22T06:39:04Z">
      <class name="JavaMavenProject.E2EProject.HomePageTest">
        <test-method status="PASS" signature="initilizeDrivers()[pri:0, instance:JavaMavenProject.E2EProject.HomePageTest@4d518b32]" name="initilizeDrivers" is-config="true" duration-ms="7191" started-at="2020-09-22T12:08:32Z" finished-at="2020-09-22T12:08:39Z">
          <reporter-output>
          </reporter-output>
        </test-method> <!-- initilizeDrivers -->
        <test-method status="PASS" signature="basePageNavigation(java.lang.String, java.lang.String, java.lang.String)[pri:0, instance:JavaMavenProject.E2EProject.HomePageTest@4d518b32]" name="basePageNavigation" duration-ms="20483" started-at="2020-09-22T12:08:39Z" data-provider="getData" finished-at="2020-09-22T12:09:00Z">
          <params>
            <param index="0">
              <value>
                <![CDATA[nonrestricteduser@gmail.com]]>
              </value>
            </param>
            <param index="1">
              <value>
                <![CDATA[abc@123]]>
              </value>
            </param>
            <param index="2">
              <value>
                <![CDATA[nonrestricteduser]]>
              </value>
            </param>
          </params>
          <reporter-output>
          </reporter-output>
        </test-method> <!-- basePageNavigation -->
        <test-method status="PASS" signature="basePageNavigation(java.lang.String, java.lang.String, java.lang.String)[pri:0, instance:JavaMavenProject.E2EProject.HomePageTest@4d518b32]" name="basePageNavigation" duration-ms="3025" started-at="2020-09-22T12:09:00Z" data-provider="getData" finished-at="2020-09-22T12:09:03Z">
          <params>
            <param index="0">
              <value>
                <![CDATA[restricteduser@gmail.com]]>
              </value>
            </param>
            <param index="1">
              <value>
                <![CDATA[abc@123]]>
              </value>
            </param>
            <param index="2">
              <value>
                <![CDATA[restricteduser]]>
              </value>
            </param>
          </params>
          <reporter-output>
          </reporter-output>
        </test-method> <!-- basePageNavigation -->
        <test-method status="PASS" signature="tearDown()[pri:0, instance:JavaMavenProject.E2EProject.HomePageTest@4d518b32]" name="tearDown" is-config="true" duration-ms="1188" started-at="2020-09-22T12:09:03Z" finished-at="2020-09-22T12:09:04Z">
          <reporter-output>
          </reporter-output>
        </test-method> <!-- tearDown -->
      </class> <!-- JavaMavenProject.E2EProject.HomePageTest -->
    </test> <!-- Test1 -->
  </suite> <!-- Suite -->
</testng-results>
