-------------------------------------------------------------------------------
Test set: TestSuite
-------------------------------------------------------------------------------
Tests run: 4, Failures: 1, Errors: 0, Skipped: 0, Time elapsed: 34.837 s <<< FAILURE! - in TestSuite
validateTitle(JavaMavenProject.E2EProject.validateTitleTest)  Time elapsed: 0.089 s  <<< FAILURE!
org.junit.ComparisonFailure: expected:<FEATURED COURSES[]> but was:<FEATURED COURSES[@123]>
	at JavaMavenProject.E2EProject.validateTitleTest.validateTitle(validateTitleTest.java:38)

