<?xml version="1.0" encoding="UTF-8"?>
<testng-results ignored="0" total="2" passed="2" failed="0" skipped="0">
  <reporter-output>
  </reporter-output>
  <suite started-at="2020-09-22T11:16:35 IST" name="Default suite" finished-at="2020-09-22T11:16:57 IST" duration-ms="21919">
    <groups>
    </groups>
    <test started-at="2020-09-22T11:16:35 IST" name="Default test" finished-at="2020-09-22T11:16:57 IST" duration-ms="21919">
      <class name="JavaMavenProject.E2EProject.HomePageTest">
        <test-method is-config="true" signature="initilizeDrivers()[pri:0, instance:JavaMavenProject.E2EProject.HomePageTest@13d4992d]" started-at="2020-09-22T11:16:35 IST" name="initilizeDrivers" finished-at="2020-09-22T11:16:41 IST" duration-ms="6317" status="PASS">
          <reporter-output>
          </reporter-output>
        </test-method> <!-- initilizeDrivers -->
        <test-method signature="basePageNavigation(java.lang.String, java.lang.String, java.lang.String)[pri:0, instance:JavaMavenProject.E2EProject.HomePageTest@13d4992d]" started-at="2020-09-22T11:16:42 IST" name="basePageNavigation" data-provider="getData" finished-at="2020-09-22T11:16:53 IST" duration-ms="11117" status="PASS">
          <params>
            <param index="0">
              <value>
                <![CDATA[nonrestricteduser@gmail.com]]>
              </value>
            </param>
            <param index="1">
              <value>
                <![CDATA[abc@123]]>
              </value>
            </param>
            <param index="2">
              <value>
                <![CDATA[nonrestricteduser]]>
              </value>
            </param>
          </params>
          <reporter-output>
          </reporter-output>
        </test-method> <!-- basePageNavigation -->
        <test-method signature="basePageNavigation(java.lang.String, java.lang.String, java.lang.String)[pri:0, instance:JavaMavenProject.E2EProject.HomePageTest@13d4992d]" started-at="2020-09-22T11:16:53 IST" name="basePageNavigation" data-provider="getData" finished-at="2020-09-22T11:16:57 IST" duration-ms="4329" status="PASS">
          <params>
            <param index="0">
              <value>
                <![CDATA[restricteduser@gmail.com]]>
              </value>
            </param>
            <param index="1">
              <value>
                <![CDATA[abc@123]]>
              </value>
            </param>
            <param index="2">
              <value>
                <![CDATA[restricteduser]]>
              </value>
            </param>
          </params>
          <reporter-output>
          </reporter-output>
        </test-method> <!-- basePageNavigation -->
        <test-method is-config="true" signature="tearDown()[pri:0, instance:JavaMavenProject.E2EProject.HomePageTest@13d4992d]" started-at="2020-09-22T11:16:57 IST" name="tearDown" finished-at="2020-09-22T11:16:57 IST" duration-ms="99" status="PASS">
          <reporter-output>
          </reporter-output>
        </test-method> <!-- tearDown -->
      </class> <!-- JavaMavenProject.E2EProject.HomePageTest -->
    </test> <!-- Default test -->
  </suite> <!-- Default suite -->
</testng-results>
